<?xml version="1.0" encoding="UTF-8"?>
<!-- Generated by org.testng.reporters.JUnitReportReporter -->
<testsuite hostname="LAPTOP-Q28PCJR2" failures="0" tests="9" name="HomePageTest" time="58.793" errors="0" timestamp="2024-02-19T09:51:24 IST" skipped="0">
  <testcase classname="HomePageTest" name="verifyingHomePageHeading" time="5.563"/>
  <testcase classname="HomePageTest" name="verifyingHomePageLogo" time="3.876"/>
  <testcase classname="HomePageTest" name="verifyingNavigationToSearchPage" time="5.890"/>
  <testcase classname="HomePageTest" name="verifyingNavigationToStorePage" time="7.628"/>
  <testcase classname="HomePageTest" name="verifyingNavigationToAccountPage" time="8.189"/>
  <testcase classname="HomePageTest" name="verifyingNavigationToContactusPage" time="5.079"/>
  <testcase classname="HomePageTest" name="verifyingNavigationToTrackOrderPage" time="6.473"/>
  <testcase classname="HomePageTest" name="verifyingNavigationToCartPage" time="7.772"/>
  <testcase classname="HomePageTest" name="verifyingNavigateToBooksCatelog" time="8.323"/>
</testsuite> <!-- HomePageTest -->
